<?xml version="1.0" encoding="UTF-8"?>
<!-- Generated by org.testng.reporters.JUnitXMLReporter -->
<testsuite ignored="6" hostname="Lishanth" failures="0" tests="4" name="Test2" time="169.599" errors="0" timestamp="2024-08-29T01:14:28 GST">
  <testcase classname="spicejettest.TC_007PaymentDetailsSpiceJet" name="tc_007_PaymentDetailsSpiceJet" time="45.748"/>
  <testcase classname="spicejettest.TC_006AddOnsSpiceJet" name="tc_006_AddOns" time="41.395"/>
  <testcase classname="spicejettest.TC_004OnewayFlightSpiceJet" name="tc_004_OnewayFlightSpiceJet" time="15.362"/>
  <testcase classname="spicejettest.TC_005PassengerDetailsSpiceJet" name="tc_005_PassengerDetails" time="22.904"/>
  <testcase classname="spicejetbase.PSMethodspicejet" name="@AfterSuite EndAutomation" time="0.0">
    <ignored/>
  </testcase> <!-- @AfterSuite EndAutomation -->
  <testcase classname="spicejetbase.PSMethodspicejet" name="@BeforeSuite StartAutomation" time="0.0">
    <ignored/>
  </testcase> <!-- @BeforeSuite StartAutomation -->
  <testcase classname="spicejetbase.PSMethodspicejet" name="@AfterSuite EndAutomation" time="0.0">
    <ignored/>
  </testcase> <!-- @AfterSuite EndAutomation -->
  <testcase classname="spicejetbase.PSMethodspicejet" name="@AfterSuite EndAutomation" time="0.0">
    <ignored/>
  </testcase> <!-- @AfterSuite EndAutomation -->
  <testcase classname="spicejetbase.PSMethodspicejet" name="@BeforeSuite StartAutomation" time="0.0">
    <ignored/>
  </testcase> <!-- @BeforeSuite StartAutomation -->
  <testcase classname="spicejetbase.PSMethodspicejet" name="@BeforeSuite StartAutomation" time="0.0">
    <ignored/>
  </testcase> <!-- @BeforeSuite StartAutomation -->
</testsuite> <!-- Test2 -->
