<?xml version="1.0" encoding="UTF-8"?>
<!-- Generated by org.testng.reporters.JUnitXMLReporter -->
<testsuite ignored="6" hostname="Lishanth" failures="0" tests="10" name="Test1" time="118.943" errors="0" timestamp="2024-08-29T01:18:11 GST">
  <testcase classname="spicejettest.TC_003LoginPagePhNoSpiceJet" name="tc_003_LoginPhNoFunctionalitySpiceJet" time="2.715"/>
  <testcase classname="spicejettest.TC_003LoginPagePhNoSpiceJet" name="tc_003_LoginPhNoFunctionalitySpiceJet" time="8.794"/>
  <testcase classname="spicejettest.TC_003LoginPagePhNoSpiceJet" name="tc_003_LoginPhNoFunctionalitySpiceJet" time="3.378"/>
  <testcase classname="spicejettest.TC_003LoginPagePhNoSpiceJet" name="tc_003_LoginPhNoFunctionalitySpiceJet" time="2.701"/>
  <testcase classname="spicejettest.TC_003LoginPagePhNoSpiceJet" name="tc_003_LoginPhNoFunctionalitySpiceJet" time="1.763"/>
  <testcase classname="spicejettest.TC_003LoginPagePhNoSpiceJet" name="tc_003_LoginPhNoFunctionalitySpiceJet" time="7.798"/>
  <testcase classname="spicejettest.TC_001NavigateurlSpicejet" name="tc_001_A_navigateToSpiceJet" time="0.23"/>
  <testcase classname="spicejettest.TC_001NavigateurlSpicejet" name="tc_001_B_validatebrokenurlSpieJet" time="1.518"/>
  <testcase classname="spicejettest.TC_010ValidateFields" name="tc_010_ValidateFieldsInHomePage" time="0.279"/>
  <testcase classname="spicejettest.TC_014LogoutFunctionality" name="tc_008_C_LogoutFunctionality" time="7.924"/>
  <testcase classname="spicejetbase.PSMethodspicejet" name="@AfterSuite EndAutomation" time="0.0">
    <ignored/>
  </testcase> <!-- @AfterSuite EndAutomation -->
  <testcase classname="spicejetbase.PSMethodspicejet" name="@AfterSuite EndAutomation" time="0.0">
    <ignored/>
  </testcase> <!-- @AfterSuite EndAutomation -->
  <testcase classname="spicejetbase.PSMethodspicejet" name="@AfterSuite EndAutomation" time="0.0">
    <ignored/>
  </testcase> <!-- @AfterSuite EndAutomation -->
  <testcase classname="spicejetbase.PSMethodspicejet" name="@BeforeSuite StartAutomation" time="0.0">
    <ignored/>
  </testcase> <!-- @BeforeSuite StartAutomation -->
  <testcase classname="spicejetbase.PSMethodspicejet" name="@BeforeSuite StartAutomation" time="0.0">
    <ignored/>
  </testcase> <!-- @BeforeSuite StartAutomation -->
  <testcase classname="spicejetbase.PSMethodspicejet" name="@BeforeSuite StartAutomation" time="0.0">
    <ignored/>
  </testcase> <!-- @BeforeSuite StartAutomation -->
</testsuite> <!-- Test1 -->
