<?xml version="1.0" encoding="UTF-8"?>
<!-- Generated by org.testng.reporters.JUnitXMLReporter -->
<testsuite ignored="7" hostname="Lishanth" failures="0" tests="14" name="Test4" time="157.482" errors="0" timestamp="2024-08-29T02:12:52 GST">
  <testcase classname="spicejettest.TC_012RoundTripSpiceJet" name="tc_012_RoundTripFlightSpiceJet" time="12.097"/>
  <testcase classname="spicejettest.TC_013RoundtripCalendarEnableFunctoinality" name="tc_013RoundTripCalendarEnabled" time="2.236"/>
  <testcase classname="spicejettest.TC_013RoundtripCalendarEnableFunctoinality" name="tc_016_RoundTripEnabledValidation" time="2.757"/>
  <testcase classname="spicejettest.TC_008AddtionalTasksSpiceJet" name="tc_008_A_LoginForgotFunctionalitySpiceJet" time="2.743"/>
  <testcase classname="spicejettest.TC_008AddtionalTasksSpiceJet" name="tc_008_A_LoginForgotFunctionalitySpiceJet" time="2.662"/>
  <testcase classname="spicejettest.TC_008AddtionalTasksSpiceJet" name="tc_008_A_LoginForgotFunctionalitySpiceJet" time="3.333"/>
  <testcase classname="spicejettest.TC_009AddtionalTasksSpiceJet" name="tc_009_A_LoginEmailFunctionlitySpicejet" time="3.016"/>
  <testcase classname="spicejettest.TC_009AddtionalTasksSpiceJet" name="tc_009_A_LoginEmailFunctionlitySpicejet" time="8.925"/>
  <testcase classname="spicejettest.TC_009AddtionalTasksSpiceJet" name="tc_009_A_LoginEmailFunctionlitySpicejet" time="3.339"/>
  <testcase classname="spicejettest.TC_009AddtionalTasksSpiceJet" name="tc_009_A_LoginEmailFunctionlitySpicejet" time="2.775"/>
  <testcase classname="spicejettest.TC_009AddtionalTasksSpiceJet" name="tc_009_A_LoginEmailFunctionlitySpicejet" time="2.104"/>
  <testcase classname="spicejettest.TC_009AddtionalTasksSpiceJet" name="tc_009_A_LoginEmailFunctionlitySpicejet" time="2.564"/>
  <testcase classname="spicejettest.TC_009AddtionalTasksSpiceJet" name="tc_009_A_LoginEmailFunctionlitySpicejet" time="5.802"/>
  <testcase classname="spicejettest.TC_009AddtionalTasksSpiceJet" name="tc_009_B_DefaultOnewayRadioButtonIsEnabledInFlightSearch" time="0.235"/>
  <testcase classname="spicejetbase.PSMethodspicejet" name="@BeforeSuite StartAutomation" time="0.0">
    <ignored/>
  </testcase> <!-- @BeforeSuite StartAutomation -->
  <testcase classname="spicejettest.TC_008AddtionalTasksSpiceJet" name="tc_008_B_ValidateBrokenLinksofHomePage" time="0.0">
    <ignored/>
  </testcase> <!-- tc_008_B_ValidateBrokenLinksofHomePage -->
  <testcase classname="spicejetbase.PSMethodspicejet" name="@AfterSuite EndAutomation" time="0.0">
    <ignored/>
  </testcase> <!-- @AfterSuite EndAutomation -->
  <testcase classname="spicejetbase.PSMethodspicejet" name="@BeforeSuite StartAutomation" time="0.0">
    <ignored/>
  </testcase> <!-- @BeforeSuite StartAutomation -->
  <testcase classname="spicejetbase.PSMethodspicejet" name="@AfterSuite EndAutomation" time="0.0">
    <ignored/>
  </testcase> <!-- @AfterSuite EndAutomation -->
  <testcase classname="spicejetbase.PSMethodspicejet" name="@BeforeSuite StartAutomation" time="0.0">
    <ignored/>
  </testcase> <!-- @BeforeSuite StartAutomation -->
  <testcase classname="spicejetbase.PSMethodspicejet" name="@AfterSuite EndAutomation" time="0.0">
    <ignored/>
  </testcase> <!-- @AfterSuite EndAutomation -->
</testsuite> <!-- Test4 -->
